<?xml version="1.0" encoding="UTF-8"?>
<testng-results skipped="0" failed="0" ignored="0" total="6" passed="6">
  <reporter-output>
  </reporter-output>
  <suite name="Command line suite" duration-ms="48" started-at="2022-01-02T12:04:57 AST" finished-at="2022-01-02T12:04:57 AST">
    <groups>
    </groups>
    <test name="Command line test" duration-ms="48" started-at="2022-01-02T12:04:57 AST" finished-at="2022-01-02T12:04:57 AST">
      <class name="qaclickacademy.AppiumTest">
        <test-method status="PASS" signature="IOSApps()[pri:0, instance:qaclickacademy.AppiumTest@3b084709]" name="IOSApps" duration-ms="4" started-at="2022-01-02T12:04:57 AST" finished-at="2022-01-02T12:04:57 AST">
          <reporter-output>
          </reporter-output>
        </test-method> <!-- IOSApps -->
        <test-method status="PASS" signature="NativeAppAndroid()[pri:0, instance:qaclickacademy.AppiumTest@3b084709]" name="NativeAppAndroid" duration-ms="0" started-at="2022-01-02T12:04:57 AST" finished-at="2022-01-02T12:04:57 AST">
          <reporter-output>
          </reporter-output>
        </test-method> <!-- NativeAppAndroid -->
      </class> <!-- qaclickacademy.AppiumTest -->
      <class name="qaclickacademy.RESTAPITest">
        <test-method status="PASS" signature="postJira()[pri:0, instance:qaclickacademy.RESTAPITest@6c49835d]" name="postJira" duration-ms="0" started-at="2022-01-02T12:04:57 AST" finished-at="2022-01-02T12:04:57 AST">
          <reporter-output>
          </reporter-output>
        </test-method> <!-- postJira -->
        <test-method status="PASS" signature="deleteTwitter()[pri:0, instance:qaclickacademy.RESTAPITest@6c49835d]" name="deleteTwitter" duration-ms="0" started-at="2022-01-02T12:04:57 AST" finished-at="2022-01-02T12:04:57 AST">
          <reporter-output>
          </reporter-output>
        </test-method> <!-- deleteTwitter -->
      </class> <!-- qaclickacademy.RESTAPITest -->
      <class name="qaclickacademy.SeleniumTest">
        <test-method status="PASS" signature="elementsUi()[pri:0, instance:qaclickacademy.SeleniumTest@5e853265]" name="elementsUi" duration-ms="0" started-at="2022-01-02T12:04:57 AST" finished-at="2022-01-02T12:04:57 AST">
          <reporter-output>
          </reporter-output>
        </test-method> <!-- elementsUi -->
        <test-method status="PASS" signature="BrowserAutomation()[pri:0, instance:qaclickacademy.SeleniumTest@5e853265]" name="BrowserAutomation" duration-ms="0" started-at="2022-01-02T12:04:57 AST" finished-at="2022-01-02T12:04:57 AST">
          <reporter-output>
          </reporter-output>
        </test-method> <!-- BrowserAutomation -->
      </class> <!-- qaclickacademy.SeleniumTest -->
    </test> <!-- Command line test -->
  </suite> <!-- Command line suite -->
</testng-results>
